http://www.expatriates.com/cls/28128048.html
/home/binnyabraham/workspace/crawl/28128048.html
http://www.expatriates.com/classifieds/bhr/vehicles/
http://www.expatriates.com/cls/27979679.html
/home/binnyabraham/workspace/crawl/27979679.html
http://www.expatriates.com/classifieds/bhr/vehicles/
http://www.expatriates.com/cls/28166524.html
/home/binnyabraham/workspace/crawl/28166524.html
http://www.expatriates.com/classifieds/bhr/vehicles/
http://www.expatriates.com/cls/28163951.html
/home/binnyabraham/workspace/crawl/28163951.html
http://www.expatriates.com/classifieds/bhr/vehicles/
http://www.expatriates.com/cls/27834450.html
/home/binnyabraham/workspace/crawl/27834450.html
http://www.expatriates.com/classifieds/bhr/vehicles/
http://www.expatriates.com/cls/27872206.html
/home/binnyabraham/workspace/crawl/27872206.html
http://www.expatriates.com/classifieds/bhr/vehicles/
http://www.expatriates.com/cls/27885645.html
/home/binnyabraham/workspace/crawl/27885645.html
http://www.expatriates.com/classifieds/bhr/vehicles/
http://www.expatriates.com/cls/27885734.html
/home/binnyabraham/workspace/crawl/27885734.html
http://www.expatriates.com/classifieds/bhr/vehicles/
http://www.expatriates.com/cls/28019500.html
/home/binnyabraham/workspace/crawl/28019500.html
http://www.expatriates.com/classifieds/bhr/vehicles/
http://www.expatriates.com/cls/28157698.html
/home/binnyabraham/workspace/crawl/28157698.html
http://www.expatriates.com/classifieds/bhr/vehicles/
http://www.expatriates.com/cls/28157727.html
/home/binnyabraham/workspace/crawl/28157727.html
http://www.expatriates.com/classifieds/bhr/vehicles/
http://www.expatriates.com/cls/27434297.html
/home/binnyabraham/workspace/crawl/27434297.html
http://www.expatriates.com/classifieds/bhr/computers/
http://www.expatriates.com/cls/28143088.html
/home/binnyabraham/workspace/crawl/28143088.html
http://www.expatriates.com/classifieds/bhr/vehicles/
http://www.expatriates.com/cls/28116079.html
/home/binnyabraham/workspace/crawl/28116079.html
http://www.expatriates.com/classifieds/bhr/health_beauty/
http://www.expatriates.com/cls/28133387.html
/home/binnyabraham/workspace/crawl/28133387.html
http://www.expatriates.com/classifieds/bhr/vehicles/
http://www.expatriates.com/cls/28121948.html
/home/binnyabraham/workspace/crawl/28121948.html
http://www.expatriates.com/classifieds/bhr/vehicles/
http://www.expatriates.com/cls/28109030.html
/home/binnyabraham/workspace/crawl/28109030.html
http://www.expatriates.com/classifieds/bhr/vehicles/
http://www.expatriates.com/cls/28066305.html
/home/binnyabraham/workspace/crawl/28066305.html
http://www.expatriates.com/classifieds/bhr/vehicles/
http://www.expatriates.com/cls/28101554.html
/home/binnyabraham/workspace/crawl/28101554.html
http://www.expatriates.com/classifieds/bhr/vehicles/
http://www.expatriates.com/cls/28053788.html
/home/binnyabraham/workspace/crawl/28053788.html
http://www.expatriates.com/classifieds/bhr/vehicles/
http://www.expatriates.com/cls/27938258.html
/home/binnyabraham/workspace/crawl/27938258.html
http://www.expatriates.com/classifieds/bhr/vehicles/
http://www.expatriates.com/cls/27899956.html
/home/binnyabraham/workspace/crawl/27899956.html
http://www.expatriates.com/classifieds/bhr/computers/
http://www.expatriates.com/cls/28177325.html
/home/binnyabraham/workspace/crawl/28177325.html
http://www.expatriates.com/classifieds/bhr/vehicles/
http://www.expatriates.com/cls/28177296.html
/home/binnyabraham/workspace/crawl/28177296.html
http://www.expatriates.com/classifieds/bhr/mobile_phones/
http://www.expatriates.com/cls/28126218.html
/home/binnyabraham/workspace/crawl/28126218.html
http://www.expatriates.com/classifieds/bhr/furniture/
http://www.expatriates.com/cls/28177291.html
/home/binnyabraham/workspace/crawl/28177291.html
http://www.expatriates.com/classifieds/bhr/appliances/
http://www.expatriates.com/cls/28177277.html
/home/binnyabraham/workspace/crawl/28177277.html
http://www.expatriates.com/classifieds/bhr/household_items/
http://www.expatriates.com/cls/28150362.html
/home/binnyabraham/workspace/crawl/28150362.html
http://www.expatriates.com/classifieds/bhr/electronics/
http://www.expatriates.com/cls/28177267.html
/home/binnyabraham/workspace/crawl/28177267.html
http://www.expatriates.com/classifieds/bhr/vehicles/
http://www.expatriates.com/cls/28126079.html
/home/binnyabraham/workspace/crawl/28126079.html
http://www.expatriates.com/classifieds/bhr/furniture/
http://www.expatriates.com/cls/28177257.html
/home/binnyabraham/workspace/crawl/28177257.html
http://www.expatriates.com/classifieds/bhr/vehicles/
http://www.expatriates.com/cls/28177255.html
/home/binnyabraham/workspace/crawl/28177255.html
http://www.expatriates.com/classifieds/bhr/vehicles/
http://www.expatriates.com/cls/28126436.html
/home/binnyabraham/workspace/crawl/28126436.html
http://www.expatriates.com/classifieds/bhr/furniture/
http://www.expatriates.com/cls/28126470.html
/home/binnyabraham/workspace/crawl/28126470.html
http://www.expatriates.com/classifieds/bhr/furniture/
http://www.expatriates.com/cls/28126300.html
/home/binnyabraham/workspace/crawl/28126300.html
http://www.expatriates.com/classifieds/bhr/furniture/
http://www.expatriates.com/cls/28126009.html
/home/binnyabraham/workspace/crawl/28126009.html
http://www.expatriates.com/classifieds/bhr/furniture/
http://www.expatriates.com/cls/28126452.html
/home/binnyabraham/workspace/crawl/28126452.html
http://www.expatriates.com/classifieds/bhr/furniture/
http://www.expatriates.com/cls/28177231.html
/home/binnyabraham/workspace/crawl/28177231.html
http://www.expatriates.com/classifieds/bhr/electronics/
http://www.expatriates.com/cls/28126254.html
/home/binnyabraham/workspace/crawl/28126254.html
http://www.expatriates.com/classifieds/bhr/furniture/
http://www.expatriates.com/cls/28177225.html
/home/binnyabraham/workspace/crawl/28177225.html
http://www.expatriates.com/classifieds/bhr/sports/
http://www.expatriates.com/cls/28118466.html
/home/binnyabraham/workspace/crawl/28118466.html
http://www.expatriates.com/classifieds/bhr/household_items/
http://www.expatriates.com/cls/28118432.html
/home/binnyabraham/workspace/crawl/28118432.html
http://www.expatriates.com/classifieds/bhr/collectibles/
http://www.expatriates.com/cls/28118382.html
/home/binnyabraham/workspace/crawl/28118382.html
http://www.expatriates.com/classifieds/bhr/appliances/
http://www.expatriates.com/cls/28065552.html
/home/binnyabraham/workspace/crawl/28065552.html
http://www.expatriates.com/classifieds/bhr/baby_kids/
http://www.expatriates.com/cls/27997760.html
/home/binnyabraham/workspace/crawl/27997760.html
http://www.expatriates.com/classifieds/bhr/household_items/
http://www.expatriates.com/cls/27997701.html
/home/binnyabraham/workspace/crawl/27997701.html
http://www.expatriates.com/classifieds/bhr/furniture/
http://www.expatriates.com/cls/27997048.html
/home/binnyabraham/workspace/crawl/27997048.html
http://www.expatriates.com/classifieds/bhr/household_items/
http://www.expatriates.com/cls/27997022.html
/home/binnyabraham/workspace/crawl/27997022.html
http://www.expatriates.com/classifieds/bhr/collectibles/
http://www.expatriates.com/cls/27996984.html
/home/binnyabraham/workspace/crawl/27996984.html
http://www.expatriates.com/classifieds/bhr/household_items/
http://www.expatriates.com/cls/27996942.html
/home/binnyabraham/workspace/crawl/27996942.html
http://www.expatriates.com/classifieds/bhr/collectibles/
http://www.expatriates.com/cls/27996702.html
/home/binnyabraham/workspace/crawl/27996702.html
http://www.expatriates.com/classifieds/bhr/household_items/
http://www.expatriates.com/cls/27996632.html
/home/binnyabraham/workspace/crawl/27996632.html
http://www.expatriates.com/classifieds/bhr/collectibles/
http://www.expatriates.com/cls/27908711.html
/home/binnyabraham/workspace/crawl/27908711.html
http://www.expatriates.com/classifieds/bhr/video_gaming/
http://www.expatriates.com/cls/27908581.html
/home/binnyabraham/workspace/crawl/27908581.html
http://www.expatriates.com/classifieds/bhr/toys_games/
http://www.expatriates.com/cls/27908521.html
/home/binnyabraham/workspace/crawl/27908521.html
http://www.expatriates.com/classifieds/bhr/electronics/
http://www.expatriates.com/cls/28177204.html
/home/binnyabraham/workspace/crawl/28177204.html
http://www.expatriates.com/classifieds/bhr/mobile_phones/
http://www.expatriates.com/cls/27908486.html
/home/binnyabraham/workspace/crawl/27908486.html
http://www.expatriates.com/classifieds/bhr/baby_kids/
http://www.expatriates.com/cls/27881401.html
/home/binnyabraham/workspace/crawl/27881401.html
http://www.expatriates.com/classifieds/bhr/photo_video/
http://www.expatriates.com/cls/27881381.html
/home/binnyabraham/workspace/crawl/27881381.html
http://www.expatriates.com/classifieds/bhr/electronics/
http://www.expatriates.com/cls/28177200.html
/home/binnyabraham/workspace/crawl/28177200.html
http://www.expatriates.com/classifieds/bhr/computers/
http://www.expatriates.com/cls/27881348.html
/home/binnyabraham/workspace/crawl/27881348.html
http://www.expatriates.com/classifieds/bhr/computers/
http://www.expatriates.com/cls/27860805.html
/home/binnyabraham/workspace/crawl/27860805.html
http://www.expatriates.com/classifieds/bhr/household_items/
http://www.expatriates.com/cls/27859749.html
/home/binnyabraham/workspace/crawl/27859749.html
http://www.expatriates.com/classifieds/bhr/auto_parts/
http://www.expatriates.com/cls/27683404.html
/home/binnyabraham/workspace/crawl/27683404.html
http://www.expatriates.com/classifieds/bhr/household_items/
http://www.expatriates.com/cls/27683319.html
/home/binnyabraham/workspace/crawl/27683319.html
http://www.expatriates.com/classifieds/bhr/household_items/
http://www.expatriates.com/cls/28177189.html
/home/binnyabraham/workspace/crawl/28177189.html
http://www.expatriates.com/classifieds/bhr/video_gaming/
http://www.expatriates.com/cls/28177183.html
/home/binnyabraham/workspace/crawl/28177183.html
http://www.expatriates.com/classifieds/bhr/mobile_phones/
http://www.expatriates.com/cls/28177176.html
/home/binnyabraham/workspace/crawl/28177176.html
http://www.expatriates.com/classifieds/bhr/household_items/
http://www.expatriates.com/cls/28177175.html
/home/binnyabraham/workspace/crawl/28177175.html
http://www.expatriates.com/classifieds/bhr/free items/
Error
